No usable GloVe file found; classification will train embeddings.
Loading text classification data...
GloVe file not found; using random trainable embeddings.
Vocabulary size: 25000
Running RNN text classification on cuda...

========================================================================================================
                               RNN TEXT CLASSIFICATION TRAINING / TESTING                               
========================================================================================================
    Epoch | Train Loss | Train Acc | Test Acc | Precision |   Recall |       F1 |     Time
--------------------------------------------------------------------------------------------------------
  1/10    |     0.6888 |    0.5362 |   0.6178 |    0.5935 |   0.7480 |   0.6618 |    00:02
  2/10    |     0.6070 |    0.6729 |   0.6837 |    0.6953 |   0.6539 |   0.6740 |    00:01
  3/10    |     0.4931 |    0.7737 |   0.7180 |    0.6875 |   0.7995 |   0.7393 |    00:01
  4/10    |     0.4101 |    0.8258 |   0.7484 |    0.8360 |   0.6180 |   0.7107 |    00:01
  5/10    |     0.3906 |    0.8386 |   0.7708 |    0.7311 |   0.8567 |   0.7889 |    00:01
  6/10    |     0.3351 |    0.8676 |   0.7669 |    0.7620 |   0.7762 |   0.7690 |    00:02
  7/10    |     0.2921 |    0.8841 |   0.7742 |    0.8028 |   0.7270 |   0.7630 |    00:02
  8/10    |     0.2592 |    0.9008 |   0.7850 |    0.7736 |   0.8059 |   0.7894 |    00:01
  9/10    |     0.2331 |    0.9110 |   0.7474 |    0.7281 |   0.7899 |   0.7577 |    00:01
 10/10    |     0.2078 |    0.9230 |   0.7703 |    0.7761 |   0.7599 |   0.7679 |    00:01
--------------------------------------------------------------------------------------------------------
Best Test Accuracy: 0.7850 | Precision: 0.7736 | Recall: 0.8059 | F1: 0.7894 | Runtime: 00:16
========================================================================================================
Evaluating text classification performance...
Accuracy: 0.7850 | Precision: 0.7736 | Recall: 0.8059 | F1: 0.7894
Running LSTM text classification on cuda...

========================================================================================================
                              LSTM TEXT CLASSIFICATION TRAINING / TESTING                               
========================================================================================================
    Epoch | Train Loss | Train Acc | Test Acc | Precision |   Recall |       F1 |     Time
--------------------------------------------------------------------------------------------------------
  1/10    |     0.5989 |    0.6511 |   0.8036 |    0.8435 |   0.7455 |   0.7915 |    00:02
  2/10    |     0.3631 |    0.8496 |   0.8056 |    0.8036 |   0.8088 |   0.8062 |    00:02
  3/10    |     0.2915 |    0.8882 |   0.8193 |    0.7878 |   0.8741 |   0.8287 |    00:02
  4/10    |     0.2342 |    0.9142 |   0.8266 |    0.8394 |   0.8078 |   0.8233 |    00:02
  5/10    |     0.1974 |    0.9297 |   0.8261 |    0.8340 |   0.8142 |   0.8240 |    00:02
  6/10    |     0.1649 |    0.9422 |   0.8202 |    0.8324 |   0.8018 |   0.8168 |    00:02
  7/10    |     0.1469 |    0.9469 |   0.8106 |    0.8354 |   0.7735 |   0.8033 |    00:02
  8/10    |     0.1280 |    0.9561 |   0.8057 |    0.8566 |   0.7343 |   0.7907 |    00:02
  9/10    |     0.1081 |    0.9628 |   0.8047 |    0.8533 |   0.7360 |   0.7903 |    00:02
 10/10    |     0.0944 |    0.9679 |   0.8036 |    0.8404 |   0.7497 |   0.7924 |    00:02
--------------------------------------------------------------------------------------------------------
Best Test Accuracy: 0.8266 | Precision: 0.8394 | Recall: 0.8078 | F1: 0.8233 | Runtime: 00:18
========================================================================================================
Evaluating text classification performance...
Accuracy: 0.8266 | Precision: 0.8394 | Recall: 0.8078 | F1: 0.8233
Running GRU text classification on cuda...

========================================================================================================
                               GRU TEXT CLASSIFICATION TRAINING / TESTING                               
========================================================================================================
    Epoch | Train Loss | Train Acc | Test Acc | Precision |   Recall |       F1 |     Time
--------------------------------------------------------------------------------------------------------
  1/10    |     0.6251 |    0.6230 |   0.7974 |    0.7478 |   0.8974 |   0.8158 |    00:02
  2/10    |     0.3551 |    0.8516 |   0.8270 |    0.8468 |   0.7986 |   0.8220 |    00:01
  3/10    |     0.2602 |    0.8998 |   0.8068 |    0.9016 |   0.6886 |   0.7809 |    00:01
  4/10    |     0.1964 |    0.9261 |   0.8302 |    0.8216 |   0.8436 |   0.8324 |    00:01
  5/10    |     0.1564 |    0.9430 |   0.8239 |    0.8375 |   0.8038 |   0.8203 |    00:01
  6/10    |     0.1274 |    0.9546 |   0.8220 |    0.8223 |   0.8214 |   0.8219 |    00:01
  7/10    |     0.1015 |    0.9632 |   0.8110 |    0.8479 |   0.7578 |   0.8004 |    00:01
  8/10    |     0.0823 |    0.9714 |   0.8161 |    0.8283 |   0.7975 |   0.8126 |    00:01
  9/10    |     0.0676 |    0.9757 |   0.8119 |    0.8164 |   0.8049 |   0.8106 |    00:01
 10/10    |     0.0553 |    0.9811 |   0.8096 |    0.8087 |   0.8110 |   0.8098 |    00:01
--------------------------------------------------------------------------------------------------------
Best Test Accuracy: 0.8302 | Precision: 0.8216 | Recall: 0.8436 | F1: 0.8324 | Runtime: 00:14
========================================================================================================
Evaluating text classification performance...
Accuracy: 0.8302 | Precision: 0.8216 | Recall: 0.8436 | F1: 0.8324
************ Stage 4 Text Classification Summary ************
RNN: acc=0.7850, precision=0.7736, recall=0.8059, f1=0.7894
LSTM: acc=0.8266, precision=0.8394, recall=0.8078, f1=0.8233
GRU: acc=0.8302, precision=0.8216, recall=0.8436, f1=0.8324
saved learning curves to: C:\Users\sam\OneDrive\SURENESS\_AAA_UCD\ECS_170\project\result\stage_4_result\stage_4_text_classification_curves.png
saved confusion matrices to: C:\Users\sam\OneDrive\SURENESS\_AAA_UCD\ECS_170\project\result\stage_4_result\stage_4_text_classification_confusion_matrices.png
saved metrics to: C:\Users\sam\OneDrive\SURENESS\_AAA_UCD\ECS_170\project\result\stage_4_result\stage_4_text_classification_results.json
saved metrics table to: C:\Users\sam\OneDrive\SURENESS\_AAA_UCD\ECS_170\project\result\stage_4_result\stage_4_text_classification_metrics.csv
Loading text generation data...
Vocabulary size: 4684
Training windows: 18951
Running RNN text generation on cuda...

==========================================================
               RNN TEXT GENERATION TRAINING               
==========================================================
    Epoch |   Train Loss |     Time
----------------------------------------------------------
  1/30    |       7.0664 |    00:00
  2/30    |       5.5790 |    00:00
  3/30    |       4.1572 |    00:00
  4/30    |       3.2030 |    00:00
  5/30    |       2.5979 |    00:00
  6/30    |       2.1727 |    00:00
  7/30    |       1.9827 |    00:00
  8/30    |       1.7829 |    00:00
  9/30    |       1.6689 |    00:00
 10/30    |       1.5217 |    00:00
 11/30    |       1.4247 |    00:00
 12/30    |       1.4476 |    00:00
 13/30    |       1.3963 |    00:00
 14/30    |       1.4261 |    00:00
 15/30    |       1.2920 |    00:00
 16/30    |       1.3407 |    00:00
 17/30    |       1.3434 |    00:00
 18/30    |       1.3312 |    00:00
 19/30    |       1.2545 |    00:00
 20/30    |       1.2818 |    00:00
 21/30    |       1.2627 |    00:00
 22/30    |       1.2161 |    00:00
 23/30    |       1.3305 |    00:00
 24/30    |       1.3678 |    00:00
 25/30    |       1.3965 |    00:00
 26/30    |       1.4344 |    00:00
 27/30    |       1.4337 |    00:00
 28/30    |       1.4036 |    00:00
 29/30    |       1.3879 |    00:00
 30/30    |       1.3729 |    00:00
----------------------------------------------------------
Generated text: what did the mama pig give her baby pig for the dictionary smiles because there is a mile between a first and a
Runtime: 00:08
==========================================================
Evaluating text generation output...
what did the mama pig give her baby pig for the dictionary smiles because there is a mile between a first and a
Running LSTM text generation on cuda...

==========================================================
              LSTM TEXT GENERATION TRAINING               
==========================================================
    Epoch |   Train Loss |     Time
----------------------------------------------------------
  1/30    |       6.8141 |    00:00
  2/30    |       5.3303 |    00:00
  3/30    |       3.9000 |    00:00
  4/30    |       2.6068 |    00:00
  5/30    |       1.7341 |    00:00
  6/30    |       1.2181 |    00:00
  7/30    |       0.9161 |    00:00
  8/30    |       0.7338 |    00:00
  9/30    |       0.6490 |    00:00
 10/30    |       0.5788 |    00:00
 11/30    |       0.5404 |    00:00
 12/30    |       0.5142 |    00:00
 13/30    |       0.4923 |    00:00
 14/30    |       0.4923 |    00:00
 15/30    |       0.4748 |    00:00
 16/30    |       0.4705 |    00:00
 17/30    |       0.4859 |    00:00
 18/30    |       0.4762 |    00:00
 19/30    |       0.4705 |    00:00
 20/30    |       0.4633 |    00:00
 21/30    |       0.4678 |    00:00
 22/30    |       0.4833 |    00:00
 23/30    |       0.5809 |    00:00
 24/30    |       1.4821 |    00:00
 25/30    |       1.3301 |    00:00
 26/30    |       0.8456 |    00:00
 27/30    |       0.6083 |    00:00
 28/30    |       0.5234 |    00:00
 29/30    |       0.4645 |    00:00
 30/30    |       0.4411 |    00:00
----------------------------------------------------------
Generated text: what did the fish say when it hit the wall oh dam the other day it was grate favorite that got give bad
Runtime: 00:08
==========================================================
Evaluating text generation output...
what did the fish say when it hit the wall oh dam the other day it was grate favorite that got give bad
Running GRU text generation on cuda...

==========================================================
               GRU TEXT GENERATION TRAINING               
==========================================================
    Epoch |   Train Loss |     Time
----------------------------------------------------------
  1/30    |       6.7826 |    00:00
  2/30    |       4.9597 |    00:00
  3/30    |       3.2024 |    00:00
  4/30    |       2.0375 |    00:00
  5/30    |       1.3968 |    00:00
  6/30    |       1.0636 |    00:00
  7/30    |       0.9291 |    00:00
  8/30    |       0.8180 |    00:00
  9/30    |       0.7484 |    00:00
 10/30    |       0.7230 |    00:00
 11/30    |       0.6853 |    00:00
 12/30    |       0.6501 |    00:00
 13/30    |       0.6439 |    00:00
 14/30    |       0.6180 |    00:00
 15/30    |       0.5919 |    00:00
 16/30    |       0.5876 |    00:00
 17/30    |       0.5974 |    00:00
 18/30    |       0.5938 |    00:00
 19/30    |       0.6089 |    00:00
 20/30    |       0.6467 |    00:00
 21/30    |       0.8489 |    00:00
 22/30    |       1.3327 |    00:00
 23/30    |       1.2820 |    00:00
 24/30    |       0.9472 |    00:00
 25/30    |       0.7643 |    00:00
 26/30    |       0.6710 |    00:00
 27/30    |       0.5996 |    00:00
 28/30    |       0.5566 |    00:00
 29/30    |       0.5602 |    00:00
 30/30    |       0.5585 |    00:00
----------------------------------------------------------
Generated text: what did the green grape say to the barber you calip this a joke joke but at least it is deep a big
Runtime: 00:08
==========================================================
Evaluating text generation output...
what did the green grape say to the barber you calip this a joke joke but at least it is deep a big
************ Stage 4 Text Generation Summary ************
RNN: what did the mama pig give her baby pig for the dictionary smiles because there is a mile between a first and a
LSTM: what did the fish say when it hit the wall oh dam the other day it was grate favorite that got give bad
GRU: what did the green grape say to the barber you calip this a joke joke but at least it is deep a big
saved learning curves to: C:\Users\sam\OneDrive\SURENESS\_AAA_UCD\ECS_170\project\result\stage_4_result\stage_4_text_generation_curves.png
saved generated text to: C:\Users\sam\OneDrive\SURENESS\_AAA_UCD\ECS_170\project\result\stage_4_result\stage_4_text_generation_results.json
saved metrics table to: C:\Users\sam\OneDrive\SURENESS\_AAA_UCD\ECS_170\project\result\stage_4_result\stage_4_text_generation_metrics.csv
saved generated samples to: C:\Users\sam\OneDrive\SURENESS\_AAA_UCD\ECS_170\project\result\stage_4_result\stage_4_text_generation_samples.txt
